<?xml version="1.0" encoding="UTF-8"?>
<!-- Generated by org.testng.reporters.JUnitReportReporter -->
<testsuite skipped="0" hostname="FAMINA" name="Tests.SearchPageTest" tests="1" failures="0" timestamp="2019-12-10T03:10:15 IST" time="118.849" errors="0">
  <testcase name="searchClubMahindra" time="118.849" classname="Tests.SearchPageTest"/>
</testsuite> <!-- Tests.SearchPageTest -->
